0 info it worked if it ends with ok
1 verbose cli [ '/usr/local/lib/node/bin/node',
1 verbose cli   '/usr/local/bin/npm',
1 verbose cli   'run-script',
1 verbose cli   'run' ]
2 info using npm@3.10.10
3 info using node@v6.11.2
4 verbose run-script [ 'prerun', 'run', 'postrun' ]
5 info lifecycle list-hero@1.0.0~prerun: list-hero@1.0.0
6 silly lifecycle list-hero@1.0.0~prerun: no script for prerun, continuing
7 info lifecycle list-hero@1.0.0~run: list-hero@1.0.0
8 verbose lifecycle list-hero@1.0.0~run: unsafe-perm in lifecycle true
9 verbose lifecycle list-hero@1.0.0~run: PATH: /usr/local/lib/node/lib/node_modules/npm/bin/node-gyp-bin:/home/chronos/user/Downloads/list-hero/node_modules/.bin:/usr/local/lib/node/bin:/usr/local/bin:/usr/bin:/bin:/opt/bin
10 verbose lifecycle list-hero@1.0.0~run: CWD: /home/chronos/user/Downloads/list-hero
11 silly lifecycle list-hero@1.0.0~run: Args: [ '-c',
11 silly lifecycle   'export URL_DB=mongodb://hero:admin123@ds143892.mlab.com:43892/hero_db_dev && nodemon app.js' ]
12 silly lifecycle list-hero@1.0.0~run: Returned: code: 139  signal: null
13 info lifecycle list-hero@1.0.0~run: Failed to exec run script
14 verbose stack Error: list-hero@1.0.0 run: `export URL_DB=mongodb://hero:admin123@ds143892.mlab.com:43892/hero_db_dev && nodemon app.js`
14 verbose stack Exit status 139
14 verbose stack     at EventEmitter.<anonymous> (/usr/local/lib/node/lib/node_modules/npm/lib/utils/lifecycle.js:255:16)
14 verbose stack     at emitTwo (events.js:106:13)
14 verbose stack     at EventEmitter.emit (events.js:191:7)
14 verbose stack     at ChildProcess.<anonymous> (/usr/local/lib/node/lib/node_modules/npm/lib/utils/spawn.js:40:14)
14 verbose stack     at emitTwo (events.js:106:13)
14 verbose stack     at ChildProcess.emit (events.js:191:7)
14 verbose stack     at maybeClose (internal/child_process.js:891:16)
14 verbose stack     at Process.ChildProcess._handle.onexit (internal/child_process.js:226:5)
15 verbose pkgid list-hero@1.0.0
16 verbose cwd /home/chronos/user/Downloads/list-hero
17 error Linux 3.14.0
18 error argv "/usr/local/lib/node/bin/node" "/usr/local/bin/npm" "run-script" "run"
19 error node v6.11.2
20 error npm  v3.10.10
21 error code ELIFECYCLE
22 error list-hero@1.0.0 run: `export URL_DB=mongodb://hero:admin123@ds143892.mlab.com:43892/hero_db_dev && nodemon app.js`
22 error Exit status 139
23 error Failed at the list-hero@1.0.0 run script 'export URL_DB=mongodb://hero:admin123@ds143892.mlab.com:43892/hero_db_dev && nodemon app.js'.
23 error Make sure you have the latest version of node.js and npm installed.
23 error If you do, this is most likely a problem with the list-hero package,
23 error not with npm itself.
23 error Tell the author that this fails on your system:
23 error     export URL_DB=mongodb://hero:admin123@ds143892.mlab.com:43892/hero_db_dev && nodemon app.js
23 error You can get information on how to open an issue for this project with:
23 error     npm bugs list-hero
23 error Or if that isn't available, you can get their info via:
23 error     npm owner ls list-hero
23 error There is likely additional logging output above.
24 verbose exit [ 1, true ]
